<?xml version="1.0" encoding="UTF-8"?>
<testsuite name="com.avaloq.ledger.posting.service.PostingServiceTest" tests="1" skipped="0" failures="0" errors="0" timestamp="2018-02-27T04:42:02" hostname="CHRIS-SURFACE" time="0.356">
  <properties/>
  <testcase name="accountPayable" classname="com.avaloq.ledger.posting.service.PostingServiceTest" time="0.356"/>
  <system-out><![CDATA[05:41:58.355 [Test worker] DEBUG org.springframework.test.context.junit4.SpringJUnit4ClassRunner - SpringJUnit4ClassRunner constructor called with [class com.avaloq.ledger.posting.service.PostingServiceTest]
05:41:58.398 [Test worker] DEBUG org.springframework.test.context.BootstrapUtils - Instantiating CacheAwareContextLoaderDelegate from class [org.springframework.test.context.cache.DefaultCacheAwareContextLoaderDelegate]
05:41:58.416 [Test worker] DEBUG org.springframework.test.context.BootstrapUtils - Instantiating BootstrapContext using constructor [public org.springframework.test.context.support.DefaultBootstrapContext(java.lang.Class,org.springframework.test.context.CacheAwareContextLoaderDelegate)]
05:41:58.451 [Test worker] DEBUG org.springframework.test.context.BootstrapUtils - Instantiating TestContextBootstrapper for test class [com.avaloq.ledger.posting.service.PostingServiceTest] from class [org.springframework.test.context.support.DefaultTestContextBootstrapper]
05:41:58.502 [Test worker] DEBUG org.springframework.test.context.support.AbstractDelegatingSmartContextLoader - Delegating to AnnotationConfigContextLoader to process context configuration [ContextConfigurationAttributes@3d460466 declaringClass = 'com.avaloq.ledger.posting.service.PostingServiceTest', classes = '{class com.avaloq.ledger.posting.service.PostingConfiguration}', locations = '{}', inheritLocations = true, initializers = '{}', inheritInitializers = true, name = [null], contextLoaderClass = 'org.springframework.test.context.ContextLoader'].
05:41:58.597 [Test worker] DEBUG org.springframework.test.context.support.ActiveProfilesUtils - Could not find an 'annotation declaring class' for annotation type [org.springframework.test.context.ActiveProfiles] and class [com.avaloq.ledger.posting.service.PostingServiceTest]
05:41:58.599 [Test worker] DEBUG org.springframework.test.context.support.DefaultTestContextBootstrapper - @TestExecutionListeners is not present for class [com.avaloq.ledger.posting.service.PostingServiceTest]: using defaults.
05:41:58.610 [Test worker] INFO org.springframework.test.context.support.DefaultTestContextBootstrapper - Loaded default TestExecutionListener class names from location [META-INF/spring.factories]: [org.springframework.boot.test.autoconfigure.restdocs.RestDocsTestExecutionListener, org.springframework.boot.test.autoconfigure.web.client.MockRestServiceServerResetTestExecutionListener, org.springframework.boot.test.autoconfigure.web.servlet.MockMvcPrintOnlyOnFailureTestExecutionListener, org.springframework.boot.test.autoconfigure.web.servlet.WebDriverTestExecutionListener, org.springframework.boot.test.mock.mockito.MockitoTestExecutionListener, org.springframework.boot.test.mock.mockito.ResetMocksTestExecutionListener, org.springframework.test.context.web.ServletTestExecutionListener, org.springframework.test.context.support.DirtiesContextBeforeModesTestExecutionListener, org.springframework.test.context.support.DependencyInjectionTestExecutionListener, org.springframework.test.context.support.DirtiesContextTestExecutionListener, org.springframework.test.context.transaction.TransactionalTestExecutionListener, org.springframework.test.context.jdbc.SqlScriptsTestExecutionListener]
05:41:58.642 [Test worker] INFO org.springframework.test.context.support.DefaultTestContextBootstrapper - Using TestExecutionListeners: [org.springframework.test.context.web.ServletTestExecutionListener@1153fcb2, org.springframework.test.context.support.DirtiesContextBeforeModesTestExecutionListener@5c1f7a9e, org.springframework.test.context.support.DependencyInjectionTestExecutionListener@23369c2d, org.springframework.test.context.support.DirtiesContextTestExecutionListener@3313e23a, org.springframework.test.context.transaction.TransactionalTestExecutionListener@3dab3e86, org.springframework.test.context.jdbc.SqlScriptsTestExecutionListener@1ac77827, org.springframework.boot.test.autoconfigure.restdocs.RestDocsTestExecutionListener@d0748a6, org.springframework.boot.test.autoconfigure.web.client.MockRestServiceServerResetTestExecutionListener@21a9690e, org.springframework.boot.test.autoconfigure.web.servlet.MockMvcPrintOnlyOnFailureTestExecutionListener@45923cb3, org.springframework.boot.test.autoconfigure.web.servlet.WebDriverTestExecutionListener@64357266, org.springframework.boot.test.mock.mockito.MockitoTestExecutionListener@53c0543e, org.springframework.boot.test.mock.mockito.ResetMocksTestExecutionListener@394ba651]
05:41:58.648 [Test worker] DEBUG org.springframework.test.annotation.ProfileValueUtils - Retrieved @ProfileValueSourceConfiguration [null] for test class [com.avaloq.ledger.posting.service.PostingServiceTest]
05:41:58.649 [Test worker] DEBUG org.springframework.test.annotation.ProfileValueUtils - Retrieved ProfileValueSource type [class org.springframework.test.annotation.SystemProfileValueSource] for class [com.avaloq.ledger.posting.service.PostingServiceTest]
05:41:58.651 [Test worker] DEBUG org.springframework.test.annotation.ProfileValueUtils - Retrieved @ProfileValueSourceConfiguration [null] for test class [com.avaloq.ledger.posting.service.PostingServiceTest]
05:41:58.652 [Test worker] DEBUG org.springframework.test.annotation.ProfileValueUtils - Retrieved ProfileValueSource type [class org.springframework.test.annotation.SystemProfileValueSource] for class [com.avaloq.ledger.posting.service.PostingServiceTest]
05:41:58.658 [Test worker] DEBUG org.springframework.test.context.support.AbstractDirtiesContextTestExecutionListener - Before test class: context [DefaultTestContext@3195dc5d testClass = PostingServiceTest, testInstance = [null], testMethod = [null], testException = [null], mergedContextConfiguration = [MergedContextConfiguration@ee6db01 testClass = PostingServiceTest, locations = '{}', classes = '{class com.avaloq.ledger.posting.service.PostingConfiguration}', contextInitializerClasses = '[]', activeProfiles = '{}', propertySourceLocations = '{}', propertySourceProperties = '{}', contextCustomizers = set[org.springframework.boot.test.autoconfigure.properties.PropertyMappingContextCustomizer@0, org.springframework.boot.test.autoconfigure.web.servlet.WebDriverContextCustomizerFactory$Customizer@563683d8, org.springframework.boot.test.context.filter.ExcludeFilterContextCustomizer@4ba6c439, org.springframework.boot.test.json.DuplicateJsonObjectContextCustomizerFactory$DuplicateJsonObjectContextCustomizer@73a8d342, org.springframework.boot.test.mock.mockito.MockitoContextCustomizer@0], contextLoader = 'org.springframework.test.context.support.DelegatingSmartContextLoader', parent = [null]]], class annotated with @DirtiesContext [false] with mode [null].
05:41:58.661 [Test worker] DEBUG org.springframework.test.annotation.ProfileValueUtils - Retrieved @ProfileValueSourceConfiguration [null] for test class [com.avaloq.ledger.posting.service.PostingServiceTest]
05:41:58.662 [Test worker] DEBUG org.springframework.test.annotation.ProfileValueUtils - Retrieved ProfileValueSource type [class org.springframework.test.annotation.SystemProfileValueSource] for class [com.avaloq.ledger.posting.service.PostingServiceTest]
05:41:58.666 [Test worker] DEBUG org.springframework.test.context.support.DependencyInjectionTestExecutionListener - Performing dependency injection for test context [[DefaultTestContext@3195dc5d testClass = PostingServiceTest, testInstance = com.avaloq.ledger.posting.service.PostingServiceTest@49d68f8a, testMethod = [null], testException = [null], mergedContextConfiguration = [MergedContextConfiguration@ee6db01 testClass = PostingServiceTest, locations = '{}', classes = '{class com.avaloq.ledger.posting.service.PostingConfiguration}', contextInitializerClasses = '[]', activeProfiles = '{}', propertySourceLocations = '{}', propertySourceProperties = '{}', contextCustomizers = set[org.springframework.boot.test.autoconfigure.properties.PropertyMappingContextCustomizer@0, org.springframework.boot.test.autoconfigure.web.servlet.WebDriverContextCustomizerFactory$Customizer@563683d8, org.springframework.boot.test.context.filter.ExcludeFilterContextCustomizer@4ba6c439, org.springframework.boot.test.json.DuplicateJsonObjectContextCustomizerFactory$DuplicateJsonObjectContextCustomizer@73a8d342, org.springframework.boot.test.mock.mockito.MockitoContextCustomizer@0], contextLoader = 'org.springframework.test.context.support.DelegatingSmartContextLoader', parent = [null]]]].
05:41:58.667 [Test worker] DEBUG org.springframework.test.context.support.AbstractDelegatingSmartContextLoader - Delegating to AnnotationConfigContextLoader to load context from [MergedContextConfiguration@ee6db01 testClass = PostingServiceTest, locations = '{}', classes = '{class com.avaloq.ledger.posting.service.PostingConfiguration}', contextInitializerClasses = '[]', activeProfiles = '{}', propertySourceLocations = '{}', propertySourceProperties = '{}', contextCustomizers = set[org.springframework.boot.test.autoconfigure.properties.PropertyMappingContextCustomizer@0, org.springframework.boot.test.autoconfigure.web.servlet.WebDriverContextCustomizerFactory$Customizer@563683d8, org.springframework.boot.test.context.filter.ExcludeFilterContextCustomizer@4ba6c439, org.springframework.boot.test.json.DuplicateJsonObjectContextCustomizerFactory$DuplicateJsonObjectContextCustomizer@73a8d342, org.springframework.boot.test.mock.mockito.MockitoContextCustomizer@0], contextLoader = 'org.springframework.test.context.support.DelegatingSmartContextLoader', parent = [null]].
05:41:58.668 [Test worker] DEBUG org.springframework.test.context.support.AbstractGenericContextLoader - Loading ApplicationContext for merged context configuration [[MergedContextConfiguration@ee6db01 testClass = PostingServiceTest, locations = '{}', classes = '{class com.avaloq.ledger.posting.service.PostingConfiguration}', contextInitializerClasses = '[]', activeProfiles = '{}', propertySourceLocations = '{}', propertySourceProperties = '{}', contextCustomizers = set[org.springframework.boot.test.autoconfigure.properties.PropertyMappingContextCustomizer@0, org.springframework.boot.test.autoconfigure.web.servlet.WebDriverContextCustomizerFactory$Customizer@563683d8, org.springframework.boot.test.context.filter.ExcludeFilterContextCustomizer@4ba6c439, org.springframework.boot.test.json.DuplicateJsonObjectContextCustomizerFactory$DuplicateJsonObjectContextCustomizer@73a8d342, org.springframework.boot.test.mock.mockito.MockitoContextCustomizer@0], contextLoader = 'org.springframework.test.context.support.DelegatingSmartContextLoader', parent = [null]]].
05:41:58.746 [Test worker] DEBUG org.springframework.core.env.StandardEnvironment - Adding PropertySource 'systemProperties' with lowest search precedence
05:41:58.746 [Test worker] DEBUG org.springframework.core.env.StandardEnvironment - Adding PropertySource 'systemEnvironment' with lowest search precedence
05:41:58.747 [Test worker] DEBUG org.springframework.core.env.StandardEnvironment - Initialized StandardEnvironment with PropertySources [MapPropertySource@1157829076 {name='systemProperties', properties={java.runtime.name=Java(TM) SE Runtime Environment, sun.boot.library.path=C:\Program Files\Java\jdk1.8.0_144\jre\bin, java.vm.version=25.144-b01, java.vm.vendor=Oracle Corporation, java.vendor.url=http://java.oracle.com/, path.separator=;, java.vm.name=Java HotSpot(TM) 64-Bit Server VM, file.encoding.pkg=sun.io, user.script=, sun.java.launcher=SUN_STANDARD, user.country=CH, sun.os.patch.level=, java.vm.specification.name=Java Virtual Machine Specification, user.dir=C:\dev\general-ledger-posting, java.runtime.version=1.8.0_144-b01, java.awt.graphicsenv=sun.awt.Win32GraphicsEnvironment, java.endorsed.dirs=C:\Program Files\Java\jdk1.8.0_144\jre\lib\endorsed, os.arch=amd64, java.io.tmpdir=C:\Users\chris\AppData\Local\Temp\, line.separator=
, java.vm.specification.vendor=Oracle Corporation, user.variant=, os.name=Windows 10, sun.jnu.encoding=Cp1252, java.library.path=C:\Program Files\Java\jdk1.8.0_144\bin;C:\WINDOWS\Sun\Java\bin;C:\WINDOWS\system32;C:\WINDOWS;C:\Program Files\Docker\Docker\Resources\bin;C:\Python36\Scripts\;C:\Python36\;C:\ProgramData\Oracle\Java\javapath;C:\WINDOWS\system32;C:\WINDOWS;C:\WINDOWS\System32\Wbem;C:\WINDOWS\System32\WindowsPowerShell\v1.0\;C:\Program Files\apache-maven-3.3.9\bin;C:\Program Files\JetBrains\IntelliJ IDEA Community Edition 2017.2.1\bin;C:\gradle\gradle-4.4\bin;C:\Program Files\PuTTY\;C:\Program Files (x86)\Yarn\bin;C:\Program Files\nodejs\;C:\Program Files\Git\cmd;C:\Program Files (x86)\Windows Kits\8.1\Windows Performance Toolkit\;C:\Users\chris\AppData\Local\Microsoft\WindowsApps;C:\Users\chris\AppData\Local\Yarn\bin;C:\Users\chris\AppData\Roaming\npm;., java.specification.name=Java Platform API Specification, java.class.version=52.0, org.gradle.native=false, sun.management.compiler=HotSpot 64-Bit Tiered Compilers, os.version=10.0, user.home=C:\Users\chris, user.timezone=Europe/Berlin, java.awt.printerjob=sun.awt.windows.WPrinterJob, file.encoding=windows-1252, java.specification.version=1.8, java.class.path=C:\dev\general-ledger-posting\build\classes\java\test;C:\dev\general-ledger-posting\build\resources\test;C:\dev\general-ledger-posting\build\classes\java\main;C:\dev\general-ledger-posting\build\resources\main;C:\Users\chris\.gradle\caches\modules-2\files-2.1\org.springframework.boot\spring-boot-starter-web\1.5.10.RELEASE\8bc445f3ee81e5322e46b28cbb33bca1800b69d9\spring-boot-starter-web-1.5.10.RELEASE.jar;C:\Users\chris\.gradle\caches\modules-2\files-2.1\org.kie\kie-ci\7.6.0.Final\33605bd11098b44fdb51ac92ca896b2f80f55b6f\kie-ci-7.6.0.Final.jar;C:\Users\chris\.gradle\caches\modules-2\files-2.1\org.kie\kie-spring\7.6.0.Final\ff64c1afc2a9a3052477618c8934829602974285\kie-spring-7.6.0.Final.jar;C:\Users\chris\.gradle\caches\modules-2\files-2.1\org.drools\drools-decisiontables\7.6.0.Final\9f71aab777b21d97f8a4f557e8494e83825db711\drools-decisiontables-7.6.0.Final.jar;C:\Users\chris\.gradle\caches\modules-2\files-2.1\org.drools\drools-templates\7.6.0.Final\57a6f3fa76a3893abf31077cd9ec425d0715659c\drools-templates-7.6.0.Final.jar;C:\Users\chris\.gradle\caches\modules-2\files-2.1\org.drools\drools-compiler\7.6.0.Final\3830cbadac63d79803bdcceb58ca026cfa7e4660\drools-compiler-7.6.0.Final.jar;C:\Users\chris\.gradle\caches\modules-2\files-2.1\org.jbpm\jbpm-flow\7.6.0.Final\c378f635000127e5e1ed0319bc412ac1848b4fde\jbpm-flow-7.6.0.Final.jar;C:\Users\chris\.gradle\caches\modules-2\files-2.1\org.drools\drools-core\7.6.0.Final\e5350c974c5c054dd779529d2743c1fd757fe188\drools-core-7.6.0.Final.jar;C:\Users\chris\.gradle\caches\modules-2\files-2.1\io.springfox\springfox-swagger2\2.7.0\dd28b7ce26af1209d6ef19f5f24a8c23b41ca6fc\springfox-swagger2-2.7.0.jar;C:\Users\chris\.gradle\caches\modules-2\files-2.1\io.springfox\springfox-swagger-ui\2.7.0\92608eb6c2056810b4e3189196b4e8cce645d6de\springfox-swagger-ui-2.7.0.jar;C:\Users\chris\.gradle\caches\modules-2\files-2.1\org.springframework.boot\spring-boot-starter-test\1.5.10.RELEASE\d4e1be51061d71b55f4bd4458d8437d1b943a70\spring-boot-starter-test-1.5.10.RELEASE.jar;C:\Users\chris\.gradle\caches\modules-2\files-2.1\org.springframework.boot\spring-boot-starter\1.5.10.RELEASE\d935ac98f84c1d97d7ccd702d21abdc236fa7aa0\spring-boot-starter-1.5.10.RELEASE.jar;C:\Users\chris\.gradle\caches\modules-2\files-2.1\org.springframework.boot\spring-boot-starter-tomcat\1.5.10.RELEASE\11e474e265f1c68fc435dddbac42ab3574b5e4b6\spring-boot-starter-tomcat-1.5.10.RELEASE.jar;C:\Users\chris\.gradle\caches\modules-2\files-2.1\org.hibernate\hibernate-validator\5.3.6.Final\4c730be8bf55a8e9a61e79a2f2c079abf48b718\hibernate-validator-5.3.6.Final.jar;C:\Users\chris\.gradle\caches\modules-2\files-2.1\com.fasterxml.jackson.core\jackson-databind\2.8.10\f7b83cb2bc4b88d53961e749e1ad32f49ef017b7\jackson-databind-2.8.10.jar;C:\Users\chris\.gradle\caches\modules-2\files-2.1\org.springframework\spring-webmvc\4.3.14.RELEASE\1571eab8a807005d424ca16fedd54b1f439787b2\spring-webmvc-4.3.14.RELEASE.jar;C:\Users\chris\.gradle\caches\modules-2\files-2.1\org.springframework\spring-web\4.3.14.RELEASE\a0c3bf3ad661db185675bd5af350f35ed11f0903\spring-web-4.3.14.RELEASE.jar;C:\Users\chris\.gradle\caches\modules-2\files-2.1\org.kie\kie-dmn-api\7.6.0.Final\8dc559f3cf24d12c165aaf5a85b7525a2b5dafdd\kie-dmn-api-7.6.0.Final.jar;C:\Users\chris\.gradle\caches\modules-2\files-2.1\org.kie\kie-internal\7.6.0.Final\d72d7ca7630fa91740e7822edabc8cc68963d5ef\kie-internal-7.6.0.Final.jar;C:\Users\chris\.gradle\caches\modules-2\files-2.1\org.kie\kie-api\7.6.0.Final\cf79619649bb54241fbc3296eb9bf1f9916eb092\kie-api-7.6.0.Final.jar;C:\Users\chris\.gradle\caches\modules-2\files-2.1\org.kie.soup\kie-soup-maven-integration\7.6.0.Final\f65435d7c1cee4381730a5d1be6b8126d6d22830\kie-soup-maven-integration-7.6.0.Final.jar;C:\Users\chris\.gradle\caches\modules-2\files-2.1\org.kie.soup\kie-soup-maven-support\7.6.0.Final\622366670a9218fe397a7f29033a80835b4a6ac3\kie-soup-maven-support-7.6.0.Final.jar;C:\Users\chris\.gradle\caches\modules-2\files-2.1\org.apache.maven\maven-compat\3.3.9\b52d83991d361531d7fb709e9c80407a4f222247\maven-compat-3.3.9.jar;C:\Users\chris\.gradle\caches\modules-2\files-2.1\org.apache.maven\maven-core\3.3.9\47154012330ea639849c618ebc11cff6870e570a\maven-core-3.3.9.jar;C:\Users\chris\.gradle\caches\modules-2\files-2.1\org.apache.maven\maven-aether-provider\3.3.9\29e8e7122f7a166ea53785cd75af0ef9d4d848d4\maven-aether-provider-3.3.9.jar;C:\Users\chris\.gradle\caches\modules-2\files-2.1\org.apache.maven\maven-model-builder\3.3.9\e2055f9adb9f3c9a93e6b36fffe79781a785de2d\maven-model-builder-3.3.9.jar;C:\Users\chris\.gradle\caches\modules-2\files-2.1\org.apache.maven\maven-plugin-api\3.3.9\aa706ea7ca23776861b4eb2cea97cf345e791496\maven-plugin-api-3.3.9.jar;C:\Users\chris\.gradle\caches\modules-2\files-2.1\org.apache.maven\maven-artifact\3.3.9\f43afa184555fbc6e36b3334b17246c39b30f6e\maven-artifact-3.3.9.jar;C:\Users\chris\.gradle\caches\modules-2\files-2.1\org.apache.maven\maven-model\3.3.9\6efde8cbcb4de4c47f7e9c2a3ab2806022b5c70f\maven-model-3.3.9.jar;C:\Users\chris\.gradle\caches\modules-2\files-2.1\org.apache.maven\maven-settings-builder\3.3.9\fe5ad82564dc07a31855da543db8d5376def3c26\maven-settings-builder-3.3.9.jar;C:\Users\chris\.gradle\caches\modules-2\files-2.1\org.apache.maven\maven-settings\3.3.9\68d4180c51468ae8f45869f8f9c569092262fcca\maven-settings-3.3.9.jar;C:\Users\chris\.gradle\caches\modules-2\files-2.1\org.eclipse.aether\aether-transport-wagon\1.1.0\5aeaa19811ae01f4ec6511e83304120679e47b45\aether-transport-wagon-1.1.0.jar;C:\Users\chris\.gradle\caches\modules-2\files-2.1\org.apache.maven.wagon\wagon-http\3.0.0\a4d96c5224b412b049cf8f99f88f5c1ccff8293e\wagon-http-3.0.0.jar;C:\Users\chris\.gradle\caches\modules-2\files-2.1\org.apache.maven.wagon\wagon-http-shared\3.0.0\b343bc92a74066bac02eb1d843b90e0943e6839d\wagon-http-shared-3.0.0.jar;C:\Users\chris\.gradle\caches\modules-2\files-2.1\org.apache.maven.wagon\wagon-provider-api\3.0.0\f160b044ff0a4095170dc4dac75d69065b7c0a8d\wagon-provider-api-3.0.0.jar;C:\Users\chris\.gradle\caches\modules-2\files-2.1\org.sonatype.plexus\plexus-sec-dispatcher\1.3\dedc02034fb8fcd7615d66593228cb71709134b4\plexus-sec-dispatcher-1.3.jar;C:\Users\chris\.gradle\caches\modules-2\files-2.1\org.eclipse.sisu\org.eclipse.sisu.plexus\0.3.2\cd84cb43788de23847eec2999070f64381bdb495\org.eclipse.sisu.plexus-0.3.2.jar;C:\Users\chris\.gradle\caches\modules-2\files-2.1\org.codehaus.plexus\plexus-classworlds\2.5.2\4abb111bfdace5b8167db4c0ef74644f3f88f142\plexus-classworlds-2.5.2.jar;C:\Users\chris\.gradle\caches\modules-2\files-2.1\org.apache.maven\maven-repository-metadata\3.3.9\6850232b35e504057d67bde11efddebf6271e1ce\maven-repository-metadata-3.3.9.jar;C:\Users\chris\.gradle\caches\modules-2\files-2.1\org.apache.maven\maven-builder-support\3.3.9\a96f29da7623c0e1db9824f628548fe8181f6dd0\maven-builder-support-3.3.9.jar;C:\Users\chris\.gradle\caches\modules-2\files-2.1\org.codehaus.plexus\plexus-utils\3.0.24\b4ac9780b37cb1b736eae9fbcef27609b7c911ef\plexus-utils-3.0.24.jar;C:\Users\chris\.gradle\caches\modules-2\files-2.1\org.eclipse.aether\aether-connector-basic\1.1.0\f5c784bdd704ff64166c086eb6b31e2784c87b66\aether-connector-basic-1.1.0.jar;C:\Users\chris\.gradle\caches\modules-2\files-2.1\org.eclipse.aether\aether-transport-file\1.1.0\5c257319ccba22a02fa583c3946bfcbb47638bc8\aether-transport-file-1.1.0.jar;C:\Users\chris\.gradle\caches\modules-2\files-2.1\org.eclipse.aether\aether-transport-http\1.1.0\5beffae29e88251ac419bf96dd1426babdb6a66f\aether-transport-http-1.1.0.jar;C:\Users\chris\.gradle\caches\modules-2\files-2.1\org.eclipse.aether\aether-impl\1.1.0\8236fde6a1a4a7c6018d0a09e476f11c5ca8c2e1\aether-impl-1.1.0.jar;C:\Users\chris\.gradle\caches\modules-2\files-2.1\org.eclipse.aether\aether-util\1.1.0\d0f84ba994f0133580e8b957a44593eaa03d42cd\aether-util-1.1.0.jar;C:\Users\chris\.gradle\caches\modules-2\files-2.1\org.eclipse.aether\aether-spi\1.1.0\a532baa7b965d2893ceace03e804b1882f448052\aether-spi-1.1.0.jar;C:\Users\chris\.gradle\caches\modules-2\files-2.1\org.eclipse.aether\aether-api\1.1.0\5dd291e788f50dfb48822dab29defc16ad70860\aether-api-1.1.0.jar;C:\Users\chris\.gradle\caches\modules-2\files-2.1\org.apache.ant\ant\1.8.4\8acff3fb57e74bc062d4675d9dcfaffa0d524972\ant-1.8.4.jar;C:\Users\chris\.gradle\caches\modules-2\files-2.1\commons-io\commons-io\2.5\2852e6e05fbb95076fc091f6d1780f1f8fe35e0f\commons-io-2.5.jar;C:\Users\chris\.gradle\caches\modules-2\files-2.1\org.springframework.boot\spring-boot-starter-logging\1.5.10.RELEASE\62c73688208b3173645d6701fc3eb95ca657e6c8\spring-boot-starter-logging-1.5.10.RELEASE.jar;C:\Users\chris\.gradle\caches\modules-2\files-2.1\org.slf4j\jcl-over-slf4j\1.7.25\f8c32b13ff142a513eeb5b6330b1588dcb2c0461\jcl-over-slf4j-1.7.25.jar;C:\Users\chris\.gradle\caches\modules-2\files-2.1\org.apache.httpcomponents\httpclient\4.5.5\1603dfd56ebcd583ccdf337b6c3984ac55d89e58\httpclient-4.5.5.jar;C:\Users\chris\.gradle\caches\modules-2\files-2.1\org.apache.httpcomponents\httpcore\4.4.9\a86ce739e5a7175b4b234c290a00a5fdb80957a0\httpcore-4.4.9.jar;C:\Users\chris\.gradle\caches\modules-2\files-2.1\org.sonatype.plexus\plexus-cipher\1.7\51460409b6cdc2b828540c19c05691f89141edc2\plexus-cipher-1.7.jar;C:\Users\chris\.gradle\caches\modules-2\files-2.1\com.google.inject\guice\4.0\199b7acaa05b570bbccf31be998f013963e5e752\guice-4.0-no_aop.jar;C:\Users\chris\.gradle\caches\modules-2\files-2.1\org.kie.soup\kie-soup-project-datamodel-commons\7.6.0.Final\ffaf39ce4500e75964152558ab00b146f90e18d5\kie-soup-project-datamodel-commons-7.6.0.Final.jar;C:\Users\chris\.gradle\caches\modules-2\files-2.1\org.kie.soup\kie-soup-project-datamodel-api\7.6.0.Final\a02a0dac9445da001477c7cacfe2182d80c3927d\kie-soup-project-datamodel-api-7.6.0.Final.jar;C:\Users\chris\.gradle\caches\modules-2\files-2.1\org.kie.soup\kie-soup-commons\7.6.0.Final\c5c747879ab2e44b10a85d3809e8fd407ec0282f\kie-soup-commons-7.6.0.Final.jar;C:\Users\chris\.gradle\caches\modules-2\files-2.1\io.springfox\springfox-swagger-common\2.7.0\5a632aecc733753887f90592382fa271e546062a\springfox-swagger-common-2.7.0.jar;C:\Users\chris\.gradle\caches\modules-2\files-2.1\io.swagger\swagger-models\1.5.13\571a0046f35f9dac569a1870465248595e33ccdb\swagger-models-1.5.13.jar;C:\Users\chris\.gradle\caches\modules-2\files-2.1\io.springfox\springfox-spring-web\2.7.0\a54be5572b6b5210f6892e13d6b136dde5e96bf6\springfox-spring-web-2.7.0.jar;C:\Users\chris\.gradle\caches\modules-2\files-2.1\io.springfox\springfox-schema\2.7.0\aab297a6781e829b9d6bac514a4dc860966c3c8d\springfox-schema-2.7.0.jar;C:\Users\chris\.gradle\caches\modules-2\files-2.1\io.springfox\springfox-spi\2.7.0\dab14edcb863dd506278dc950908b4f684e93b7\springfox-spi-2.7.0.jar;C:\Users\chris\.gradle\caches\modules-2\files-2.1\io.springfox\springfox-core\2.7.0\f3e6d1cf5170b4b56ee0a00c1b3b05221f2ecb96\springfox-core-2.7.0.jar;C:\Users\chris\.gradle\caches\modules-2\files-2.1\org.springframework.plugin\spring-plugin-metadata\1.2.0.RELEASE\97223fc496b6cab31602eedbd4202aa4fff0d44f\spring-plugin-metadata-1.2.0.RELEASE.jar;C:\Users\chris\.gradle\caches\modules-2\files-2.1\org.springframework.plugin\spring-plugin-core\1.2.0.RELEASE\f380e7760032e7d929184f8ad8a33716b75c0657\spring-plugin-core-1.2.0.RELEASE.jar;C:\Users\chris\.gradle\caches\modules-2\files-2.1\com.jayway.jsonpath\json-path\2.2.0\22290d17944bd239fabf5ac69005a60a7ecbbbcb\json-path-2.2.0.jar;C:\Users\chris\.gradle\caches\modules-2\files-2.1\ch.qos.logback\logback-classic\1.1.11\ccedfbacef4a6515d2983e3f89ed753d5d4fb665\logback-classic-1.1.11.jar;C:\Users\chris\.gradle\caches\modules-2\files-2.1\org.slf4j\jul-to-slf4j\1.7.25\af5364cd6679bfffb114f0dec8a157aaa283b76\jul-to-slf4j-1.7.25.jar;C:\Users\chris\.gradle\caches\modules-2\files-2.1\org.slf4j\log4j-over-slf4j\1.7.25\a87bb47468f47ee7aabbd54f93e133d4215769c3\log4j-over-slf4j-1.7.25.jar;C:\Users\chris\.gradle\caches\modules-2\files-2.1\org.slf4j\slf4j-api\1.7.25\da76ca59f6a57ee3102f8f9bd9cee742973efa8a\slf4j-api-1.7.25.jar;C:\Users\chris\.gradle\caches\modules-2\files-2.1\org.apache.poi\poi-ooxml\3.15\e2800856735b07b8edd417aee07685470216a00f\poi-ooxml-3.15.jar;C:\Users\chris\.gradle\caches\modules-2\files-2.1\javax.xml.stream\stax-api\1.0-2\d6337b0de8b25e53e81b922352fbea9f9f57ba0b\stax-api-1.0-2.jar;C:\Users\chris\.gradle\caches\modules-2\files-2.1\org.apache.poi\poi\3.15\965bba8899988008bb2341e300347de62aad5391\poi-3.15.jar;C:\Users\chris\.gradle\caches\modules-2\files-2.1\org.mvel\mvel2\2.4.0.Final\f2d40ab749365aacb1f2d038e2e69fd34648350c\mvel2-2.4.0.Final.jar;C:\Users\chris\.gradle\caches\modules-2\files-2.1\commons-codec\commons-codec\1.10\4b95f4897fa13f2cd904aee711aeafc0c5295cd8\commons-codec-1.10.jar;C:\Users\chris\.gradle\caches\modules-2\files-2.1\org.antlr\antlr-runtime\3.5.2\cd9cd41361c155f3af0f653009dcecb08d8b4afd\antlr-runtime-3.5.2.jar;C:\Users\chris\.gradle\caches\modules-2\files-2.1\org.eclipse.jdt.core.compiler\ecj\4.4.2\71d67f5bab9465ec844596ef844f40902ae25392\ecj-4.4.2.jar;C:\Users\chris\.gradle\caches\modules-2\files-2.1\com.thoughtworks.xstream\xstream\1.4.10\dfecae23647abc9d9fd0416629a4213a3882b101\xstream-1.4.10.jar;C:\Users\chris\.gradle\caches\modules-2\files-2.1\com.google.protobuf\protobuf-java\2.6.0\88ba32feefe385d5dc284b71f649201eabd15778\protobuf-java-2.6.0.jar;C:\Users\chris\.gradle\caches\modules-2\files-2.1\org.springframework\spring-tx\4.3.14.RELEASE\1c9449fcb805837db3c706eab4c729f89688a267\spring-tx-4.3.14.RELEASE.jar;C:\Users\chris\.gradle\caches\modules-2\files-2.1\org.springframework.boot\spring-boot-test-autoconfigure\1.5.10.RELEASE\55242f7c194fb141de8460a92e92b716469fc3a8\spring-boot-test-autoconfigure-1.5.10.RELEASE.jar;C:\Users\chris\.gradle\caches\modules-2\files-2.1\org.springframework.boot\spring-boot-test\1.5.10.RELEASE\b7f28e8896906f0bbbb951727a7c5581c562d1c9\spring-boot-test-1.5.10.RELEASE.jar;C:\Users\chris\.gradle\caches\modules-2\files-2.1\org.springframework.boot\spring-boot-autoconfigure\1.5.10.RELEASE\be96efab0d35181f18c486b0ec8d6a41a7042fce\spring-boot-autoconfigure-1.5.10.RELEASE.jar;C:\Users\chris\.gradle\caches\modules-2\files-2.1\org.springframework.boot\spring-boot\1.5.10.RELEASE\594b3efa04829f62754a19f59f81ba204636167a\spring-boot-1.5.10.RELEASE.jar;C:\Users\chris\.gradle\caches\modules-2\files-2.1\org.springframework\spring-context\4.3.14.RELEASE\e50a712960926c30e537ef4a633f5d9dd5a8b155\spring-context-4.3.14.RELEASE.jar;C:\Users\chris\.gradle\caches\modules-2\files-2.1\org.springframework\spring-aop\4.3.14.RELEASE\dfe55b0592aead8e3eb0e6a4e98db433b9e09bd7\spring-aop-4.3.14.RELEASE.jar;C:\Users\chris\.gradle\caches\modules-2\files-2.1\org.springframework\spring-beans\4.3.14.RELEASE\7bcd17a68dd64e9447d7bff2c42ba7417678596e\spring-beans-4.3.14.RELEASE.jar;C:\Users\chris\.gradle\caches\modules-2\files-2.1\org.springframework\spring-test\4.3.14.RELEASE\1a7f6f51a263a3e09e94403653348b3864412c53\spring-test-4.3.14.RELEASE.jar;C:\Users\chris\.gradle\caches\modules-2\files-2.1\org.springframework\spring-expression\4.3.14.RELEASE\58477b44debcb49b09e962e3047ee74c2c033e89\spring-expression-4.3.14.RELEASE.jar;C:\Users\chris\.gradle\caches\modules-2\files-2.1\org.springframework\spring-core\4.3.14.RELEASE\c70ddb6204457a802d1f6882d65bca3e5b3c41df\spring-core-4.3.14.RELEASE.jar;C:\Users\chris\.gradle\caches\modules-2\files-2.1\io.swagger\swagger-annotations\1.5.13\72433c890a61a876d22063e269be421c810a1a8d\swagger-annotations-1.5.13.jar;C:\Users\chris\.gradle\caches\modules-2\files-2.1\org.reflections\reflections\0.9.11\4c686033d918ec1727e329b7222fcb020152e32b\reflections-0.9.11.jar;C:\Users\chris\.gradle\caches\modules-2\files-2.1\com.google.guava\guava\20.0\89507701249388e1ed5ddcf8c41f4ce1be7831ef\guava-20.0.jar;C:\Users\chris\.gradle\caches\modules-2\files-2.1\com.fasterxml\classmate\1.3.4\3d5f48f10bbe4eb7bd862f10c0583be2e0053c6\classmate-1.3.4.jar;C:\Users\chris\.gradle\caches\modules-2\files-2.1\org.mapstruct\mapstruct\1.1.0.Final\65b81fa5234e1fd8461b77bbccee7b9ebc0bbbb2\mapstruct-1.1.0.Final.jar;C:\Users\chris\.gradle\caches\modules-2\files-2.1\junit\junit\4.12\2973d150c0dc1fefe998f834810d68f278ea58ec\junit-4.12.jar;C:\Users\chris\.gradle\caches\modules-2\files-2.1\org.assertj\assertj-core\2.6.0\b532c3fc4f66bcfee4989a3514f1cd56203a33ad\assertj-core-2.6.0.jar;C:\Users\chris\.gradle\caches\modules-2\files-2.1\org.mockito\mockito-core\1.10.19\e8546f5bef4e061d8dd73895b4e8f40e3fe6effe\mockito-core-1.10.19.jar;C:\Users\chris\.gradle\caches\modules-2\files-2.1\org.hamcrest\hamcrest-library\1.3\4785a3c21320980282f9f33d0d1264a69040538f\hamcrest-library-1.3.jar;C:\Users\chris\.gradle\caches\modules-2\files-2.1\org.hamcrest\hamcrest-core\1.3\42a25dc3219429f0e5d060061f71acb49bf010a0\hamcrest-core-1.3.jar;C:\Users\chris\.gradle\caches\modules-2\files-2.1\org.skyscreamer\jsonassert\1.4.0\9cdbb373a06f6513e51e8c545ee6a5e981463edb\jsonassert-1.4.0.jar;C:\Users\chris\.gradle\caches\modules-2\files-2.1\org.yaml\snakeyaml\1.17\7a27ea250c5130b2922b86dea63cbb1cc10a660c\snakeyaml-1.17.jar;C:\Users\chris\.gradle\caches\modules-2\files-2.1\org.apache.tomcat.embed\tomcat-embed-websocket\8.5.27\3cba1c5187a17b0233de5712024d6e144036ba9a\tomcat-embed-websocket-8.5.27.jar;C:\Users\chris\.gradle\caches\modules-2\files-2.1\org.apache.tomcat.embed\tomcat-embed-core\8.5.27\a10612f0af27c7bfcc4e8d88393adad1fc5b4ece\tomcat-embed-core-8.5.27.jar;C:\Users\chris\.gradle\caches\modules-2\files-2.1\org.apache.tomcat.embed\tomcat-embed-el\8.5.27\5a591bcf5c930d2b37bb40c0f95180604a3b1a57\tomcat-embed-el-8.5.27.jar;C:\Users\chris\.gradle\caches\modules-2\files-2.1\javax.validation\validation-api\1.1.0.Final\8613ae82954779d518631e05daa73a6a954817d5\validation-api-1.1.0.Final.jar;C:\Users\chris\.gradle\caches\modules-2\files-2.1\org.jboss.logging\jboss-logging\3.3.1.Final\c46217ab74b532568c0ed31dc599db3048bd1b67\jboss-logging-3.3.1.Final.jar;C:\Users\chris\.gradle\caches\modules-2\files-2.1\com.fasterxml.jackson.core\jackson-annotations\2.8.0\45b426f7796b741035581a176744d91090e2e6fb\jackson-annotations-2.8.0.jar;C:\Users\chris\.gradle\caches\modules-2\files-2.1\com.fasterxml.jackson.core\jackson-core\2.8.10\eb21a035c66ad307e66ec8fce37f5d50fd62d039\jackson-core-2.8.10.jar;C:\Users\chris\.gradle\caches\modules-2\files-2.1\org.apache.commons\commons-lang3\3.4\5fe28b9518e58819180a43a850fbc0dd24b7c050\commons-lang3-3.4.jar;C:\Users\chris\.gradle\caches\modules-2\files-2.1\org.codehaus.plexus\plexus-interpolation\1.21\f92de59d295f16868001644acc21720f3ec9eb15\plexus-interpolation-1.21.jar;C:\Users\chris\.gradle\caches\modules-2\files-2.1\org.codehaus.plexus\plexus-component-annotations\1.6\1a34a4e12b5fded8c548a568f463dfee21500927\plexus-component-annotations-1.6.jar;C:\Users\chris\.gradle\caches\modules-2\files-2.1\javax.enterprise\cdi-api\1.0\44c453f60909dfc223552ace63e05c694215156b\cdi-api-1.0.jar;C:\Users\chris\.gradle\caches\modules-2\files-2.1\org.eclipse.sisu\org.eclipse.sisu.inject\0.3.2\59044b92ec27cc6fda7a2d24b2cd6cec23f31d5b\org.eclipse.sisu.inject-0.3.2.jar;C:\Users\chris\.gradle\caches\modules-2\files-2.1\org.apache.ant\ant-launcher\1.8.4\22f1e0c32a2bfc8edd45520db176bac98cebbbfe\ant-launcher-1.8.4.jar;C:\Users\chris\.gradle\caches\modules-2\files-2.1\javax.inject\javax.inject\1\6975da39a7040257bd51d21a231b76c915872d38\javax.inject-1.jar;C:\Users\chris\.gradle\caches\modules-2\files-2.1\aopalliance\aopalliance\1.0\235ba8b489512805ac13a8f9ea77a1ca5ebe3e8\aopalliance-1.0.jar;C:\Users\chris\.gradle\caches\modules-2\files-2.1\org.apache.poi\poi-ooxml-schemas\3.15\de4a50ca39de48a19606b35644ecadb2f733c479\poi-ooxml-schemas-3.15.jar;C:\Users\chris\.gradle\caches\modules-2\files-2.1\com.github.virtuald\curvesapi\1.04\3386abf821719bc89c7685f9eaafaf4a842f0199\curvesapi-1.04.jar;C:\Users\chris\.gradle\caches\modules-2\files-2.1\org.apache.commons\commons-collections4\4.1\a4cf4688fe1c7e3a63aa636cc96d013af537768e\commons-collections4-4.1.jar;C:\Users\chris\.gradle\caches\modules-2\files-2.1\xmlpull\xmlpull\1.1.3.1\2b8e230d2ab644e4ecaa94db7cdedbc40c805dfa\xmlpull-1.1.3.1.jar;C:\Users\chris\.gradle\caches\modules-2\files-2.1\xpp3\xpp3_min\1.1.4c\19d4e90b43059058f6e056f794f0ea4030d60b86\xpp3_min-1.1.4c.jar;C:\Users\chris\.gradle\caches\modules-2\files-2.1\commons-logging\commons-logging\1.2\4bfc12adfe4842bf07b657f0369c4cb522955686\commons-logging-1.2.jar;C:\Users\chris\.gradle\caches\modules-2\files-2.1\net.minidev\json-smart\2.2.1\5b9e5df7a62d1279b70dc882b041d249c4f0b002\json-smart-2.2.1.jar;C:\Users\chris\.gradle\caches\modules-2\files-2.1\org.objenesis\objenesis\2.1\87c0ea803b69252868d09308b4618f766f135a96\objenesis-2.1.jar;C:\Users\chris\.gradle\caches\modules-2\files-2.1\com.vaadin.external.google\android-json\0.0.20131108.vaadin1\fa26d351fe62a6a17f5cda1287c1c6110dec413f\android-json-0.0.20131108.vaadin1.jar;C:\Users\chris\.gradle\caches\modules-2\files-2.1\org.apache.tomcat\tomcat-annotations-api\8.5.27\122c0a4acaba72bf4590e83c9fbcb3475c46edc5\tomcat-annotations-api-8.5.27.jar;C:\Users\chris\.gradle\caches\modules-2\files-2.1\javax.annotation\jsr250-api\1.0\5025422767732a1ab45d93abfea846513d742dcf\jsr250-api-1.0.jar;C:\Users\chris\.gradle\caches\modules-2\files-2.1\org.jsoup\jsoup\1.7.2\d7e275ba05aa380ca254f72d0c0ffebaedc3adcf\jsoup-1.7.2.jar;C:\Users\chris\.gradle\caches\modules-2\files-2.1\org.apache.xmlbeans\xmlbeans\2.6.0\29e80d2dd51f9dcdef8f9ffaee0d4dc1c9bbfc87\xmlbeans-2.6.0.jar;C:\Users\chris\.gradle\caches\modules-2\files-2.1\net.bytebuddy\byte-buddy\1.6.14\871c3e49dc6183d0d361601c2f1d11abb1a6b48c\byte-buddy-1.6.14.jar;C:\Users\chris\.gradle\caches\modules-2\files-2.1\org.javassist\javassist\3.21.0-GA\598244f595db5c5fb713731eddbb1c91a58d959b\javassist-3.21.0-GA.jar;C:\Users\chris\.gradle\caches\modules-2\files-2.1\net.minidev\accessors-smart\1.1\a527213f2fea112a04c9bdf0ec0264e34104cd08\accessors-smart-1.1.jar;C:\Users\chris\.gradle\caches\modules-2\files-2.1\ch.qos.logback\logback-core\1.1.11\88b8df40340eed549fb07e2613879bf6b006704d\logback-core-1.1.11.jar;C:\Users\chris\.gradle\caches\modules-2\files-2.1\org.ow2.asm\asm\5.0.3\dcc2193db20e19e1feca8b1240dbbc4e190824fa\asm-5.0.3.jar, user.name=chris, java.vm.specification.version=1.8, sun.java.command=worker.org.gradle.process.internal.worker.GradleWorkerMain 'Gradle Test Executor 1', java.home=C:\Program Files\Java\jdk1.8.0_144\jre, sun.arch.data.model=64, user.language=de, java.specification.vendor=Oracle Corporation, awt.toolkit=sun.awt.windows.WToolkit, java.vm.info=mixed mode, java.version=1.8.0_144, java.ext.dirs=C:\Program Files\Java\jdk1.8.0_144\jre\lib\ext;C:\WINDOWS\Sun\Java\lib\ext, sun.boot.class.path=C:\Program Files\Java\jdk1.8.0_144\jre\lib\resources.jar;C:\Program Files\Java\jdk1.8.0_144\jre\lib\rt.jar;C:\Program Files\Java\jdk1.8.0_144\jre\lib\sunrsasign.jar;C:\Program Files\Java\jdk1.8.0_144\jre\lib\jsse.jar;C:\Program Files\Java\jdk1.8.0_144\jre\lib\jce.jar;C:\Program Files\Java\jdk1.8.0_144\jre\lib\charsets.jar;C:\Program Files\Java\jdk1.8.0_144\jre\lib\jfr.jar;C:\Program Files\Java\jdk1.8.0_144\jre\classes, java.vendor=Oracle Corporation, org.gradle.test.worker=1, file.separator=\, java.vendor.url.bug=http://bugreport.sun.com/bugreport/, sun.io.unicode.encoding=UnicodeLittle, sun.cpu.endian=little, sun.desktop=windows, sun.cpu.isalist=amd64}}, SystemEnvironmentPropertySource@1984714667 {name='systemEnvironment', properties={USERDOMAIN_ROAMINGPROFILE=CHRIS-SURFACE, PROCESSOR_LEVEL=6, VS140COMNTOOLS=C:\Program Files (x86)\Microsoft Visual Studio 14.0\Common7\Tools\, SESSIONNAME=Console, ALLUSERSPROFILE=C:\ProgramData, PROCESSOR_ARCHITECTURE=AMD64, PSModulePath=C:\Program Files\WindowsPowerShell\Modules;C:\WINDOWS\system32\WindowsPowerShell\v1.0\Modules, SystemDrive=C:, JRE_HOME=C:\Program Files\Java\jre1.8.0_151, DIRNAME=C:\dev\general-ledger-posting\, USERNAME=chris, CMD_LINE_ARGS=clean build, ProgramFiles(x86)=C:\Program Files (x86), APP_HOME=C:\dev\general-ledger-posting\, PATHEXT=.COM;.EXE;.BAT;.CMD;.VBS;.VBE;.JS;.JSE;.WSF;.WSH;.MSC;.PY;.PYW, ProgramData=C:\ProgramData, ProgramW6432=C:\Program Files, HOMEPATH=\Users\chris, PROCESSOR_IDENTIFIER=Intel64 Family 6 Model 78 Stepping 3, GenuineIntel, GYP_MSVS_VERSION=2015, ProgramFiles=C:\Program Files, PUBLIC=C:\Users\Public, windir=C:\WINDOWS, =::=::\, _SKIP=2, LOCALAPPDATA=C:\Users\chris\AppData\Local, USERDOMAIN=CHRIS-SURFACE, LOGONSERVER=\\CHRIS-SURFACE, JAVA_HOME=C:\Program Files\Java\jdk1.8.0_144, PROMPT=$P$G, GRADLE_HOME=C:\gradle\gradle-4.4, OneDrive=C:\Users\chris\OneDrive, =C:=C:\dev\general-ledger-posting, APPDATA=C:\Users\chris\AppData\Roaming, JAVA_EXE=C:\Program Files\Java\jdk1.8.0_144/bin/java.exe, CommonProgramFiles=C:\Program Files\Common Files, Path=C:\Program Files\Docker\Docker\Resources\bin;C:\Python36\Scripts\;C:\Python36\;C:\ProgramData\Oracle\Java\javapath;C:\WINDOWS\system32;C:\WINDOWS;C:\WINDOWS\System32\Wbem;C:\WINDOWS\System32\WindowsPowerShell\v1.0\;C:\Program Files\apache-maven-3.3.9\bin;C:\Program Files\JetBrains\IntelliJ IDEA Community Edition 2017.2.1\bin;C:\gradle\gradle-4.4\bin;C:\Program Files\PuTTY\;C:\Program Files (x86)\Yarn\bin;C:\Program Files\nodejs\;C:\Program Files\Git\cmd;C:\Program Files (x86)\Windows Kits\8.1\Windows Performance Toolkit\;C:\Users\chris\AppData\Local\Microsoft\WindowsApps;C:\Users\chris\AppData\Local\Yarn\bin;C:\Users\chris\AppData\Roaming\npm, OS=Windows_NT, COMPUTERNAME=CHRIS-SURFACE, PROCESSOR_REVISION=4e03, CLASSPATH=C:\dev\general-ledger-posting\\gradle\wrapper\gradle-wrapper.jar, CommonProgramW6432=C:\Program Files\Common Files, ComSpec=C:\WINDOWS\system32\cmd.exe, APP_BASE_NAME=gradlew, SystemRoot=C:\WINDOWS, TEMP=C:\Users\chris\AppData\Local\Temp, HOMEDRIVE=C:, USERPROFILE=C:\Users\chris, TMP=C:\Users\chris\AppData\Local\Temp, CommonProgramFiles(x86)=C:\Program Files (x86)\Common Files, NUMBER_OF_PROCESSORS=4, HOME=c:\users\chris}}]
05:41:58.758 [Test worker] DEBUG org.springframework.test.context.support.AnnotationConfigContextLoader - Registering annotated classes: {class com.avaloq.ledger.posting.service.PostingConfiguration}
05:41:58.816 [Test worker] INFO org.springframework.context.support.GenericApplicationContext - Refreshing org.springframework.context.support.GenericApplicationContext@423a17d3: startup date [Tue Feb 27 05:41:58 CET 2018]; root of context hierarchy
05:41:58.816 [Test worker] DEBUG org.springframework.context.support.GenericApplicationContext - Bean factory for org.springframework.context.support.GenericApplicationContext@423a17d3: org.springframework.beans.factory.support.DefaultListableBeanFactory@36b3659e: defining beans [org.springframework.context.annotation.internalConfigurationAnnotationProcessor,org.springframework.context.annotation.internalAutowiredAnnotationProcessor,org.springframework.context.annotation.internalRequiredAnnotationProcessor,org.springframework.context.annotation.internalCommonAnnotationProcessor,org.springframework.context.event.internalEventListenerProcessor,org.springframework.context.event.internalEventListenerFactory,postingConfiguration,org.springframework.boot.test.mock.mockito.MockitoPostProcessor$SpyPostProcessor,org.springframework.boot.test.mock.mockito.MockitoPostProcessor]; root of factory hierarchy
05:41:58.832 [Test worker] DEBUG org.springframework.beans.factory.support.DefaultListableBeanFactory - Creating shared instance of singleton bean 'org.springframework.context.annotation.internalConfigurationAnnotationProcessor'
05:41:58.832 [Test worker] DEBUG org.springframework.beans.factory.support.DefaultListableBeanFactory - Creating instance of bean 'org.springframework.context.annotation.internalConfigurationAnnotationProcessor'
05:41:58.872 [Test worker] DEBUG org.springframework.beans.factory.support.DefaultListableBeanFactory - Eagerly caching bean 'org.springframework.context.annotation.internalConfigurationAnnotationProcessor' to allow for resolving potential circular references
05:41:58.876 [Test worker] DEBUG org.springframework.beans.factory.support.DefaultListableBeanFactory - Finished creating instance of bean 'org.springframework.context.annotation.internalConfigurationAnnotationProcessor'
05:41:58.910 [Test worker] DEBUG org.springframework.context.annotation.ClassPathBeanDefinitionScanner - JSR-250 'javax.annotation.ManagedBean' found and supported for component scanning
05:41:58.910 [Test worker] DEBUG org.springframework.context.annotation.ClassPathBeanDefinitionScanner - JSR-330 'javax.inject.Named' annotation found and supported for component scanning
05:41:58.910 [Test worker] DEBUG org.springframework.core.io.support.PathMatchingResourcePatternResolver - Resolved classpath location [com/avaloq/ledger/posting/service/] to resources [URL [file:/C:/dev/general-ledger-posting/build/classes/java/test/com/avaloq/ledger/posting/service/], URL [file:/C:/dev/general-ledger-posting/build/classes/java/main/com/avaloq/ledger/posting/service/]]
05:41:58.910 [Test worker] DEBUG org.springframework.core.io.support.PathMatchingResourcePatternResolver - Looking for matching resources in directory tree [C:\dev\general-ledger-posting\build\classes\java\test\com\avaloq\ledger\posting\service]
05:41:58.910 [Test worker] DEBUG org.springframework.core.io.support.PathMatchingResourcePatternResolver - Searching directory [C:\dev\general-ledger-posting\build\classes\java\test\com\avaloq\ledger\posting\service] for files matching pattern [C:/dev/general-ledger-posting/build/classes/java/test/com/avaloq/ledger/posting/service/**/*.class]
05:41:58.910 [Test worker] DEBUG org.springframework.core.io.support.PathMatchingResourcePatternResolver - Looking for matching resources in directory tree [C:\dev\general-ledger-posting\build\classes\java\main\com\avaloq\ledger\posting\service]
05:41:58.910 [Test worker] DEBUG org.springframework.core.io.support.PathMatchingResourcePatternResolver - Searching directory [C:\dev\general-ledger-posting\build\classes\java\main\com\avaloq\ledger\posting\service] for files matching pattern [C:/dev/general-ledger-posting/build/classes/java/main/com/avaloq/ledger/posting/service/**/*.class]
05:41:58.910 [Test worker] DEBUG org.springframework.core.io.support.PathMatchingResourcePatternResolver - Resolved location pattern [classpath*:com/avaloq/ledger/posting/service/**/*.class] to resources [file [C:\dev\general-ledger-posting\build\classes\java\test\com\avaloq\ledger\posting\service\PostingServiceTest.class], file [C:\dev\general-ledger-posting\build\classes\java\main\com\avaloq\ledger\posting\service\PostingConfiguration.class], file [C:\dev\general-ledger-posting\build\classes\java\main\com\avaloq\ledger\posting\service\PostingResource.class], file [C:\dev\general-ledger-posting\build\classes\java\main\com\avaloq\ledger\posting\service\PostingService.class]]
05:41:58.957 [Test worker] DEBUG org.springframework.context.annotation.ClassPathBeanDefinitionScanner - Identified candidate component class: file [C:\dev\general-ledger-posting\build\classes\java\main\com\avaloq\ledger\posting\service\PostingResource.class]
05:41:58.958 [Test worker] DEBUG org.springframework.context.annotation.ClassPathBeanDefinitionScanner - Identified candidate component class: file [C:\dev\general-ledger-posting\build\classes\java\main\com\avaloq\ledger\posting\service\PostingService.class]
05:41:58.979 [Test worker] DEBUG org.springframework.context.annotation.ConfigurationClassBeanDefinitionReader - Registering bean definition for @Bean method com.avaloq.ledger.posting.service.PostingConfiguration.kieContainer()
05:41:59.087 [Test worker] DEBUG org.springframework.context.annotation.ConfigurationClassEnhancer - Successfully enhanced com.avaloq.ledger.posting.service.PostingConfiguration; enhanced class name is: com.avaloq.ledger.posting.service.PostingConfiguration$$EnhancerBySpringCGLIB$$ce9b9f99
05:41:59.087 [Test worker] DEBUG org.springframework.context.annotation.ConfigurationClassPostProcessor - Replacing bean definition 'postingConfiguration' existing class 'com.avaloq.ledger.posting.service.PostingConfiguration' with enhanced class 'com.avaloq.ledger.posting.service.PostingConfiguration$$EnhancerBySpringCGLIB$$ce9b9f99'
05:41:59.087 [Test worker] DEBUG org.springframework.beans.factory.support.DefaultListableBeanFactory - Creating shared instance of singleton bean 'org.springframework.boot.test.mock.mockito.MockitoPostProcessor'
05:41:59.087 [Test worker] DEBUG org.springframework.beans.factory.support.DefaultListableBeanFactory - Creating instance of bean 'org.springframework.boot.test.mock.mockito.MockitoPostProcessor'
05:41:59.133 [Test worker] DEBUG org.springframework.beans.factory.support.DefaultListableBeanFactory - Eagerly caching bean 'org.springframework.boot.test.mock.mockito.MockitoPostProcessor' to allow for resolving potential circular references
05:41:59.161 [Test worker] DEBUG org.springframework.beans.factory.support.DefaultListableBeanFactory - Finished creating instance of bean 'org.springframework.boot.test.mock.mockito.MockitoPostProcessor'
05:41:59.167 [Test worker] DEBUG org.springframework.beans.factory.support.DefaultListableBeanFactory - Creating shared instance of singleton bean 'org.springframework.context.annotation.internalAutowiredAnnotationProcessor'
05:41:59.167 [Test worker] DEBUG org.springframework.beans.factory.support.DefaultListableBeanFactory - Creating instance of bean 'org.springframework.context.annotation.internalAutowiredAnnotationProcessor'
05:41:59.168 [Test worker] INFO org.springframework.beans.factory.annotation.AutowiredAnnotationBeanPostProcessor - JSR-330 'javax.inject.Inject' annotation found and supported for autowiring
05:41:59.169 [Test worker] DEBUG org.springframework.beans.factory.support.DefaultListableBeanFactory - Eagerly caching bean 'org.springframework.context.annotation.internalAutowiredAnnotationProcessor' to allow for resolving potential circular references
05:41:59.175 [Test worker] DEBUG org.springframework.beans.factory.support.DefaultListableBeanFactory - Finished creating instance of bean 'org.springframework.context.annotation.internalAutowiredAnnotationProcessor'
05:41:59.175 [Test worker] DEBUG org.springframework.beans.factory.support.DefaultListableBeanFactory - Creating shared instance of singleton bean 'org.springframework.context.annotation.internalRequiredAnnotationProcessor'
05:41:59.175 [Test worker] DEBUG org.springframework.beans.factory.support.DefaultListableBeanFactory - Creating instance of bean 'org.springframework.context.annotation.internalRequiredAnnotationProcessor'
05:41:59.176 [Test worker] DEBUG org.springframework.beans.factory.support.DefaultListableBeanFactory - Eagerly caching bean 'org.springframework.context.annotation.internalRequiredAnnotationProcessor' to allow for resolving potential circular references
05:41:59.181 [Test worker] DEBUG org.springframework.beans.factory.support.DefaultListableBeanFactory - Finished creating instance of bean 'org.springframework.context.annotation.internalRequiredAnnotationProcessor'
05:41:59.182 [Test worker] DEBUG org.springframework.beans.factory.support.DefaultListableBeanFactory - Creating shared instance of singleton bean 'org.springframework.context.annotation.internalCommonAnnotationProcessor'
05:41:59.182 [Test worker] DEBUG org.springframework.beans.factory.support.DefaultListableBeanFactory - Creating instance of bean 'org.springframework.context.annotation.internalCommonAnnotationProcessor'
05:41:59.185 [Test worker] DEBUG org.springframework.beans.factory.support.DefaultListableBeanFactory - Eagerly caching bean 'org.springframework.context.annotation.internalCommonAnnotationProcessor' to allow for resolving potential circular references
05:41:59.185 [Test worker] DEBUG org.springframework.beans.factory.support.DefaultListableBeanFactory - Finished creating instance of bean 'org.springframework.context.annotation.internalCommonAnnotationProcessor'
05:41:59.185 [Test worker] DEBUG org.springframework.beans.factory.support.DefaultListableBeanFactory - Creating shared instance of singleton bean 'org.springframework.boot.test.mock.mockito.MockitoPostProcessor$SpyPostProcessor'
05:41:59.185 [Test worker] DEBUG org.springframework.beans.factory.support.DefaultListableBeanFactory - Creating instance of bean 'org.springframework.boot.test.mock.mockito.MockitoPostProcessor$SpyPostProcessor'
05:41:59.185 [Test worker] DEBUG org.springframework.beans.factory.support.DefaultListableBeanFactory - Returning cached instance of singleton bean 'org.springframework.boot.test.mock.mockito.MockitoPostProcessor'
05:41:59.185 [Test worker] DEBUG org.springframework.beans.factory.support.DefaultListableBeanFactory - Eagerly caching bean 'org.springframework.boot.test.mock.mockito.MockitoPostProcessor$SpyPostProcessor' to allow for resolving potential circular references
05:41:59.185 [Test worker] DEBUG org.springframework.beans.factory.support.DefaultListableBeanFactory - Finished creating instance of bean 'org.springframework.boot.test.mock.mockito.MockitoPostProcessor$SpyPostProcessor'
05:41:59.201 [Test worker] DEBUG org.springframework.beans.factory.support.DefaultListableBeanFactory - Returning cached instance of singleton bean 'org.springframework.boot.test.mock.mockito.MockitoPostProcessor'
05:41:59.201 [Test worker] DEBUG org.springframework.beans.factory.support.DefaultListableBeanFactory - Returning cached instance of singleton bean 'org.springframework.boot.test.autoconfigure.properties.PropertyMappingContextCustomizer$PropertyMappingCheckBeanPostProcessor'
05:41:59.204 [Test worker] DEBUG org.springframework.context.support.GenericApplicationContext - Unable to locate MessageSource with name 'messageSource': using default [org.springframework.context.support.DelegatingMessageSource@68dfd804]
05:41:59.207 [Test worker] DEBUG org.springframework.context.support.GenericApplicationContext - Unable to locate ApplicationEventMulticaster with name 'applicationEventMulticaster': using default [org.springframework.context.event.SimpleApplicationEventMulticaster@5adb64c5]
05:41:59.210 [Test worker] DEBUG org.springframework.beans.factory.support.DefaultListableBeanFactory - Pre-instantiating singletons in org.springframework.beans.factory.support.DefaultListableBeanFactory@36b3659e: defining beans [org.springframework.context.annotation.internalConfigurationAnnotationProcessor,org.springframework.context.annotation.internalAutowiredAnnotationProcessor,org.springframework.context.annotation.internalRequiredAnnotationProcessor,org.springframework.context.annotation.internalCommonAnnotationProcessor,org.springframework.context.event.internalEventListenerProcessor,org.springframework.context.event.internalEventListenerFactory,postingConfiguration,org.springframework.boot.test.mock.mockito.MockitoPostProcessor$SpyPostProcessor,org.springframework.boot.test.mock.mockito.MockitoPostProcessor,postingResource,postingService,kieContainer]; root of factory hierarchy
05:41:59.210 [Test worker] DEBUG org.springframework.beans.factory.support.DefaultListableBeanFactory - Returning cached instance of singleton bean 'org.springframework.context.annotation.internalConfigurationAnnotationProcessor'
05:41:59.210 [Test worker] DEBUG org.springframework.beans.factory.support.DefaultListableBeanFactory - Returning cached instance of singleton bean 'org.springframework.context.annotation.internalAutowiredAnnotationProcessor'
05:41:59.210 [Test worker] DEBUG org.springframework.beans.factory.support.DefaultListableBeanFactory - Returning cached instance of singleton bean 'org.springframework.context.annotation.internalRequiredAnnotationProcessor'
05:41:59.210 [Test worker] DEBUG org.springframework.beans.factory.support.DefaultListableBeanFactory - Returning cached instance of singleton bean 'org.springframework.context.annotation.internalCommonAnnotationProcessor'
05:41:59.210 [Test worker] DEBUG org.springframework.beans.factory.support.DefaultListableBeanFactory - Creating shared instance of singleton bean 'org.springframework.context.event.internalEventListenerProcessor'
05:41:59.211 [Test worker] DEBUG org.springframework.beans.factory.support.DefaultListableBeanFactory - Creating instance of bean 'org.springframework.context.event.internalEventListenerProcessor'
05:41:59.223 [Test worker] DEBUG org.springframework.beans.factory.support.DefaultListableBeanFactory - Eagerly caching bean 'org.springframework.context.event.internalEventListenerProcessor' to allow for resolving potential circular references
05:41:59.227 [Test worker] DEBUG org.springframework.beans.factory.support.DefaultListableBeanFactory - Finished creating instance of bean 'org.springframework.context.event.internalEventListenerProcessor'
05:41:59.228 [Test worker] DEBUG org.springframework.beans.factory.support.DefaultListableBeanFactory - Creating shared instance of singleton bean 'org.springframework.context.event.internalEventListenerFactory'
05:41:59.228 [Test worker] DEBUG org.springframework.beans.factory.support.DefaultListableBeanFactory - Creating instance of bean 'org.springframework.context.event.internalEventListenerFactory'
05:41:59.228 [Test worker] DEBUG org.springframework.beans.factory.support.DefaultListableBeanFactory - Eagerly caching bean 'org.springframework.context.event.internalEventListenerFactory' to allow for resolving potential circular references
05:41:59.232 [Test worker] DEBUG org.springframework.beans.factory.support.DefaultListableBeanFactory - Finished creating instance of bean 'org.springframework.context.event.internalEventListenerFactory'
05:41:59.233 [Test worker] DEBUG org.springframework.beans.factory.support.DefaultListableBeanFactory - Creating shared instance of singleton bean 'postingConfiguration'
05:41:59.233 [Test worker] DEBUG org.springframework.beans.factory.support.DefaultListableBeanFactory - Creating instance of bean 'postingConfiguration'
05:41:59.234 [Test worker] DEBUG org.springframework.beans.factory.support.DefaultListableBeanFactory - Eagerly caching bean 'postingConfiguration' to allow for resolving potential circular references
05:41:59.240 [Test worker] DEBUG org.springframework.beans.factory.support.DefaultListableBeanFactory - Finished creating instance of bean 'postingConfiguration'
05:41:59.241 [Test worker] DEBUG org.springframework.beans.factory.support.DefaultListableBeanFactory - Returning cached instance of singleton bean 'org.springframework.boot.test.mock.mockito.MockitoPostProcessor$SpyPostProcessor'
05:41:59.241 [Test worker] DEBUG org.springframework.beans.factory.support.DefaultListableBeanFactory - Returning cached instance of singleton bean 'org.springframework.boot.test.mock.mockito.MockitoPostProcessor'
05:41:59.241 [Test worker] DEBUG org.springframework.beans.factory.support.DefaultListableBeanFactory - Creating shared instance of singleton bean 'postingResource'
05:41:59.241 [Test worker] DEBUG org.springframework.beans.factory.support.DefaultListableBeanFactory - Creating instance of bean 'postingResource'
05:41:59.245 [Test worker] DEBUG org.springframework.beans.factory.annotation.InjectionMetadata - Registered injected element on class [com.avaloq.ledger.posting.service.PostingResource]: AutowiredFieldElement for com.avaloq.ledger.posting.service.PostingService com.avaloq.ledger.posting.service.PostingResource.postingService
05:41:59.245 [Test worker] DEBUG org.springframework.beans.factory.support.DefaultListableBeanFactory - Eagerly caching bean 'postingResource' to allow for resolving potential circular references
05:41:59.248 [Test worker] DEBUG org.springframework.beans.factory.annotation.InjectionMetadata - Processing injected element of bean 'postingResource': AutowiredFieldElement for com.avaloq.ledger.posting.service.PostingService com.avaloq.ledger.posting.service.PostingResource.postingService
05:41:59.252 [Test worker] DEBUG org.springframework.beans.factory.support.DefaultListableBeanFactory - Creating shared instance of singleton bean 'postingService'
05:41:59.252 [Test worker] DEBUG org.springframework.beans.factory.support.DefaultListableBeanFactory - Creating instance of bean 'postingService'
05:41:59.253 [Test worker] DEBUG org.springframework.beans.factory.annotation.InjectionMetadata - Registered injected element on class [com.avaloq.ledger.posting.service.PostingService]: AutowiredFieldElement for private org.kie.api.runtime.KieContainer com.avaloq.ledger.posting.service.PostingService.kContainer
05:41:59.253 [Test worker] DEBUG org.springframework.beans.factory.support.DefaultListableBeanFactory - Eagerly caching bean 'postingService' to allow for resolving potential circular references
05:41:59.253 [Test worker] DEBUG org.springframework.beans.factory.annotation.InjectionMetadata - Processing injected element of bean 'postingService': AutowiredFieldElement for private org.kie.api.runtime.KieContainer com.avaloq.ledger.posting.service.PostingService.kContainer
05:41:59.253 [Test worker] DEBUG org.springframework.beans.factory.support.DefaultListableBeanFactory - Creating shared instance of singleton bean 'kieContainer'
05:41:59.253 [Test worker] DEBUG org.springframework.beans.factory.support.DefaultListableBeanFactory - Creating instance of bean 'kieContainer'
05:41:59.253 [Test worker] DEBUG org.springframework.beans.factory.support.DefaultListableBeanFactory - Returning cached instance of singleton bean 'postingConfiguration'
05:41:59.269 [Test worker] INFO org.kie.api.internal.utils.ServiceDiscoveryImpl - Loading kie.conf from  
05:41:59.269 [Test worker] INFO org.kie.api.internal.utils.ServiceDiscoveryImpl - Discovered kie.conf url=jar:file:/C:/Users/chris/.gradle/caches/modules-2/files-2.1/org.kie/kie-ci/7.6.0.Final/33605bd11098b44fdb51ac92ca896b2f80f55b6f/kie-ci-7.6.0.Final.jar!/META-INF/kie.conf 
05:41:59.269 [Test worker] INFO org.kie.api.internal.utils.ServiceDiscoveryImpl - Adding Service org.kie.scanner.KieScannerFactoryServiceImpl

05:41:59.284 [Test worker] INFO org.kie.api.internal.utils.ServiceDiscoveryImpl - Adding Service org.kie.scanner.MavenClassLoaderResolver

05:41:59.284 [Test worker] INFO org.kie.api.internal.utils.ServiceDiscoveryImpl - Loading kie.conf from  
05:41:59.284 [Test worker] INFO org.kie.api.internal.utils.ServiceDiscoveryImpl - Discovered kie.conf url=jar:file:/C:/Users/chris/.gradle/caches/modules-2/files-2.1/org.drools/drools-decisiontables/7.6.0.Final/9f71aab777b21d97f8a4f557e8494e83825db711/drools-decisiontables-7.6.0.Final.jar!/META-INF/kie.conf 
05:41:59.284 [Test worker] INFO org.kie.api.internal.utils.ServiceDiscoveryImpl - Adding Service org.drools.decisiontable.DecisionTableProviderImpl

05:41:59.284 [Test worker] INFO org.kie.api.internal.utils.ServiceDiscoveryImpl - Loading kie.conf from  
05:41:59.284 [Test worker] INFO org.kie.api.internal.utils.ServiceDiscoveryImpl - Discovered kie.conf url=jar:file:/C:/Users/chris/.gradle/caches/modules-2/files-2.1/org.drools/drools-compiler/7.6.0.Final/3830cbadac63d79803bdcceb58ca026cfa7e4660/drools-compiler-7.6.0.Final.jar!/META-INF/kie.conf 
05:41:59.284 [Test worker] INFO org.kie.api.internal.utils.ServiceDiscoveryImpl - Adding Service org.drools.compiler.kie.builder.impl.KieServicesImpl

05:41:59.300 [Test worker] INFO org.kie.api.internal.utils.ServiceDiscoveryImpl - Adding Service org.drools.compiler.builder.impl.KnowledgeBuilderFactoryServiceImpl

05:41:59.300 [Test worker] INFO org.kie.api.internal.utils.ServiceDiscoveryImpl - Loading kie.conf from  
05:41:59.300 [Test worker] INFO org.kie.api.internal.utils.ServiceDiscoveryImpl - Discovered kie.conf url=jar:file:/C:/Users/chris/.gradle/caches/modules-2/files-2.1/org.jbpm/jbpm-flow/7.6.0.Final/c378f635000127e5e1ed0319bc412ac1848b4fde/jbpm-flow-7.6.0.Final.jar!/META-INF/kie.conf 
05:41:59.300 [Test worker] INFO org.kie.api.internal.utils.ServiceDiscoveryImpl - Adding Service org.jbpm.marshalling.impl.ProcessMarshallerFactoryServiceImpl

05:41:59.300 [Test worker] INFO org.kie.api.internal.utils.ServiceDiscoveryImpl - Adding Service org.jbpm.process.instance.ProcessRuntimeFactoryServiceImpl

05:41:59.300 [Test worker] INFO org.kie.api.internal.utils.ServiceDiscoveryImpl - Loading kie.conf from  
05:41:59.300 [Test worker] INFO org.kie.api.internal.utils.ServiceDiscoveryImpl - Discovered kie.conf url=jar:file:/C:/Users/chris/.gradle/caches/modules-2/files-2.1/org.drools/drools-core/7.6.0.Final/e5350c974c5c054dd779529d2743c1fd757fe188/drools-core-7.6.0.Final.jar!/META-INF/kie.conf 
05:41:59.300 [Test worker] INFO org.kie.api.internal.utils.ServiceDiscoveryImpl - Adding Service org.drools.core.io.impl.ResourceFactoryServiceImpl

05:41:59.315 [Test worker] INFO org.kie.api.internal.utils.ServiceDiscoveryImpl - Adding Service org.drools.core.marshalling.impl.MarshallerProviderImpl

05:41:59.315 [Test worker] INFO org.kie.api.internal.utils.ServiceDiscoveryImpl - Adding Service org.drools.core.concurrent.ExecutorProviderImpl

05:41:59.315 [Test worker] INFO org.kie.api.internal.utils.ServiceDiscoveryImpl - Loading kie.conf from  
05:41:59.315 [Test worker] INFO org.kie.api.internal.utils.ServiceDiscoveryImpl - Discovered kie.conf url=jar:file:/C:/Users/chris/.gradle/caches/modules-2/files-2.1/org.kie/kie-internal/7.6.0.Final/d72d7ca7630fa91740e7822edabc8cc68963d5ef/kie-internal-7.6.0.Final.jar!/META-INF/kie.conf 
05:41:59.315 [Test worker] INFO org.kie.api.internal.utils.ServiceDiscoveryImpl - Adding Service org.kie.internal.services.KieWeaversImpl

05:41:59.315 [Test worker] INFO org.kie.api.internal.utils.ServiceDiscoveryImpl - Adding Service org.kie.internal.services.KieBeliefsImpl

05:41:59.315 [Test worker] INFO org.kie.api.internal.utils.ServiceDiscoveryImpl - Adding Service org.kie.internal.services.KieAssemblersImpl

05:41:59.315 [Test worker] INFO org.kie.api.internal.utils.ServiceDiscoveryImpl - Adding Service org.kie.internal.services.KieRuntimesImpl

05:41:59.378 [Test worker] WARN org.appformer.maven.integration.embedder.MavenSettings - Environment variable M2_HOME is not set
05:41:59.434 [Test worker] DEBUG org.appformer.maven.integration.embedder.MavenEmbedderUtils - Not in OSGi: using plexus based maven parser
05:42:01.050 [Test worker] DEBUG org.eclipse.aether.internal.impl.DefaultLocalRepositoryProvider - Using manager EnhancedLocalRepositoryManager with priority 10.0 for C:\Users\chris\.m2\repository
05:42:01.066 [Test worker] DEBUG org.eclipse.aether.internal.impl.DefaultLocalRepositoryProvider - Using manager EnhancedLocalRepositoryManager with priority 10.0 for C:\Users\chris\.m2\repository
05:42:01.160 [Test worker] DEBUG org.eclipse.aether.internal.impl.DefaultDependencyCollector - Dependency collection stats: {ConflictMarker.analyzeTime=0, ConflictMarker.markTime=0, ConflictMarker.nodeCount=1, ConflictIdSorter.graphTime=0, ConflictIdSorter.topsortTime=0, ConflictIdSorter.conflictIdCount=0, ConflictIdSorter.conflictIdCycleCount=0, ConflictResolver.totalTime=16, ConflictResolver.conflictItemCount=0, DefaultDependencyCollector.collectTime=0, DefaultDependencyCollector.transformTime=16}
05:42:02.360 [Test worker] INFO org.drools.compiler.kie.builder.impl.KieRepositoryImpl - KieModule was added: MemoryKieModule[releaseId=org.default:artifact:1.0.0-SNAPSHOT]
05:42:02.375 [Test worker] DEBUG org.springframework.beans.factory.support.DefaultListableBeanFactory - Eagerly caching bean 'kieContainer' to allow for resolving potential circular references
05:42:02.375 [Test worker] DEBUG org.springframework.beans.factory.support.DefaultListableBeanFactory - Finished creating instance of bean 'kieContainer'
05:42:02.375 [Test worker] DEBUG org.springframework.beans.factory.annotation.AutowiredAnnotationBeanPostProcessor - Autowiring by type from bean name 'postingService' to bean named 'kieContainer'
05:42:02.375 [Test worker] DEBUG org.springframework.beans.factory.support.DefaultListableBeanFactory - Finished creating instance of bean 'postingService'
05:42:02.375 [Test worker] DEBUG org.springframework.beans.factory.annotation.AutowiredAnnotationBeanPostProcessor - Autowiring by type from bean name 'postingResource' to bean named 'postingService'
05:42:02.375 [Test worker] DEBUG org.springframework.beans.factory.support.DefaultListableBeanFactory - Finished creating instance of bean 'postingResource'
05:42:02.375 [Test worker] DEBUG org.springframework.beans.factory.support.DefaultListableBeanFactory - Returning cached instance of singleton bean 'postingService'
05:42:02.375 [Test worker] DEBUG org.springframework.beans.factory.support.DefaultListableBeanFactory - Returning cached instance of singleton bean 'kieContainer'
05:42:02.391 [Test worker] DEBUG org.springframework.beans.factory.support.DefaultListableBeanFactory - Returning cached instance of singleton bean 'org.springframework.context.event.internalEventListenerFactory'
05:42:02.407 [Test worker] DEBUG org.springframework.context.support.GenericApplicationContext - Unable to locate LifecycleProcessor with name 'lifecycleProcessor': using default [org.springframework.context.support.DefaultLifecycleProcessor@423ab481]
05:42:02.407 [Test worker] DEBUG org.springframework.beans.factory.support.DefaultListableBeanFactory - Returning cached instance of singleton bean 'lifecycleProcessor'
05:42:02.407 [Test worker] DEBUG org.springframework.core.env.PropertySourcesPropertyResolver - Could not find key 'spring.liveBeansView.mbeanDomain' in any property source
05:42:02.407 [Test worker] DEBUG org.springframework.test.context.cache.DefaultCacheAwareContextLoaderDelegate - Storing ApplicationContext in cache under key [[MergedContextConfiguration@ee6db01 testClass = PostingServiceTest, locations = '{}', classes = '{class com.avaloq.ledger.posting.service.PostingConfiguration}', contextInitializerClasses = '[]', activeProfiles = '{}', propertySourceLocations = '{}', propertySourceProperties = '{}', contextCustomizers = set[org.springframework.boot.test.autoconfigure.properties.PropertyMappingContextCustomizer@0, org.springframework.boot.test.autoconfigure.web.servlet.WebDriverContextCustomizerFactory$Customizer@563683d8, org.springframework.boot.test.context.filter.ExcludeFilterContextCustomizer@4ba6c439, org.springframework.boot.test.json.DuplicateJsonObjectContextCustomizerFactory$DuplicateJsonObjectContextCustomizer@73a8d342, org.springframework.boot.test.mock.mockito.MockitoContextCustomizer@0], contextLoader = 'org.springframework.test.context.support.DelegatingSmartContextLoader', parent = [null]]]
05:42:02.407 [Test worker] DEBUG org.springframework.test.context.cache - Spring test ApplicationContext cache statistics: [DefaultContextCache@320297c7 size = 1, maxSize = 32, parentContextCount = 0, hitCount = 0, missCount = 1]
05:42:02.422 [Test worker] DEBUG org.springframework.beans.factory.annotation.InjectionMetadata - Processing injected element of bean 'com.avaloq.ledger.posting.service.PostingServiceTest': AutowiredFieldElement for private com.avaloq.ledger.posting.service.PostingService com.avaloq.ledger.posting.service.PostingServiceTest.postingService
05:42:02.422 [Test worker] DEBUG org.springframework.beans.factory.support.DefaultListableBeanFactory - Returning cached instance of singleton bean 'postingService'
05:42:02.422 [Test worker] DEBUG org.springframework.beans.factory.annotation.AutowiredAnnotationBeanPostProcessor - Autowiring by type from bean name 'com.avaloq.ledger.posting.service.PostingServiceTest' to bean named 'postingService'
05:42:02.422 [Test worker] DEBUG org.springframework.test.context.support.AbstractDirtiesContextTestExecutionListener - Before test method: context [DefaultTestContext@3195dc5d testClass = PostingServiceTest, testInstance = com.avaloq.ledger.posting.service.PostingServiceTest@49d68f8a, testMethod = accountPayable@PostingServiceTest, testException = [null], mergedContextConfiguration = [MergedContextConfiguration@ee6db01 testClass = PostingServiceTest, locations = '{}', classes = '{class com.avaloq.ledger.posting.service.PostingConfiguration}', contextInitializerClasses = '[]', activeProfiles = '{}', propertySourceLocations = '{}', propertySourceProperties = '{}', contextCustomizers = set[org.springframework.boot.test.autoconfigure.properties.PropertyMappingContextCustomizer@0, org.springframework.boot.test.autoconfigure.web.servlet.WebDriverContextCustomizerFactory$Customizer@563683d8, org.springframework.boot.test.context.filter.ExcludeFilterContextCustomizer@4ba6c439, org.springframework.boot.test.json.DuplicateJsonObjectContextCustomizerFactory$DuplicateJsonObjectContextCustomizer@73a8d342, org.springframework.boot.test.mock.mockito.MockitoContextCustomizer@0], contextLoader = 'org.springframework.test.context.support.DelegatingSmartContextLoader', parent = [null]]], class annotated with @DirtiesContext [false] with mode [null], method annotated with @DirtiesContext [false] with mode [null].
05:42:02.422 [Test worker] DEBUG org.springframework.test.context.cache.DefaultCacheAwareContextLoaderDelegate - Retrieved ApplicationContext from cache with key [[MergedContextConfiguration@ee6db01 testClass = PostingServiceTest, locations = '{}', classes = '{class com.avaloq.ledger.posting.service.PostingConfiguration}', contextInitializerClasses = '[]', activeProfiles = '{}', propertySourceLocations = '{}', propertySourceProperties = '{}', contextCustomizers = set[org.springframework.boot.test.autoconfigure.properties.PropertyMappingContextCustomizer@0, org.springframework.boot.test.autoconfigure.web.servlet.WebDriverContextCustomizerFactory$Customizer@563683d8, org.springframework.boot.test.context.filter.ExcludeFilterContextCustomizer@4ba6c439, org.springframework.boot.test.json.DuplicateJsonObjectContextCustomizerFactory$DuplicateJsonObjectContextCustomizer@73a8d342, org.springframework.boot.test.mock.mockito.MockitoContextCustomizer@0], contextLoader = 'org.springframework.test.context.support.DelegatingSmartContextLoader', parent = [null]]]
05:42:02.422 [Test worker] DEBUG org.springframework.test.context.cache - Spring test ApplicationContext cache statistics: [DefaultContextCache@320297c7 size = 1, maxSize = 32, parentContextCount = 0, hitCount = 1, missCount = 1]
05:42:02.453 [Test worker] DEBUG org.springframework.beans.factory.support.DefaultListableBeanFactory - Returning cached instance of singleton bean 'org.springframework.boot.test.mock.mockito.MockitoBeans'
05:42:02.653 [Test worker] DEBUG org.drools.core.common.DefaultAgenda - State was INACTIVE is now FIRING_ALL_RULES
05:42:02.762 [Test worker] DEBUG org.drools.core.common.DefaultAgenda - State was FIRING_ALL_RULES is now HALTING
05:42:02.762 [Test worker] DEBUG org.drools.core.common.DefaultAgenda - State was HALTING is now INACTIVE
05:42:02.778 [Test worker] DEBUG org.drools.core.common.DefaultAgenda - State was INACTIVE is now DISPOSED
05:42:02.778 [Test worker] DEBUG org.springframework.test.context.cache.DefaultCacheAwareContextLoaderDelegate - Retrieved ApplicationContext from cache with key [[MergedContextConfiguration@ee6db01 testClass = PostingServiceTest, locations = '{}', classes = '{class com.avaloq.ledger.posting.service.PostingConfiguration}', contextInitializerClasses = '[]', activeProfiles = '{}', propertySourceLocations = '{}', propertySourceProperties = '{}', contextCustomizers = set[org.springframework.boot.test.autoconfigure.properties.PropertyMappingContextCustomizer@0, org.springframework.boot.test.autoconfigure.web.servlet.WebDriverContextCustomizerFactory$Customizer@563683d8, org.springframework.boot.test.context.filter.ExcludeFilterContextCustomizer@4ba6c439, org.springframework.boot.test.json.DuplicateJsonObjectContextCustomizerFactory$DuplicateJsonObjectContextCustomizer@73a8d342, org.springframework.boot.test.mock.mockito.MockitoContextCustomizer@0], contextLoader = 'org.springframework.test.context.support.DelegatingSmartContextLoader', parent = [null]]]
05:42:02.778 [Test worker] DEBUG org.springframework.test.context.cache - Spring test ApplicationContext cache statistics: [DefaultContextCache@320297c7 size = 1, maxSize = 32, parentContextCount = 0, hitCount = 2, missCount = 1]
05:42:02.778 [Test worker] DEBUG org.springframework.beans.factory.support.DefaultListableBeanFactory - Returning cached instance of singleton bean 'org.springframework.boot.test.mock.mockito.MockitoBeans'
05:42:02.778 [Test worker] DEBUG org.springframework.test.context.cache.DefaultCacheAwareContextLoaderDelegate - Retrieved ApplicationContext from cache with key [[MergedContextConfiguration@ee6db01 testClass = PostingServiceTest, locations = '{}', classes = '{class com.avaloq.ledger.posting.service.PostingConfiguration}', contextInitializerClasses = '[]', activeProfiles = '{}', propertySourceLocations = '{}', propertySourceProperties = '{}', contextCustomizers = set[org.springframework.boot.test.autoconfigure.properties.PropertyMappingContextCustomizer@0, org.springframework.boot.test.autoconfigure.web.servlet.WebDriverContextCustomizerFactory$Customizer@563683d8, org.springframework.boot.test.context.filter.ExcludeFilterContextCustomizer@4ba6c439, org.springframework.boot.test.json.DuplicateJsonObjectContextCustomizerFactory$DuplicateJsonObjectContextCustomizer@73a8d342, org.springframework.boot.test.mock.mockito.MockitoContextCustomizer@0], contextLoader = 'org.springframework.test.context.support.DelegatingSmartContextLoader', parent = [null]]]
05:42:02.778 [Test worker] DEBUG org.springframework.test.context.cache - Spring test ApplicationContext cache statistics: [DefaultContextCache@320297c7 size = 1, maxSize = 32, parentContextCount = 0, hitCount = 3, missCount = 1]
05:42:02.778 [Test worker] DEBUG org.springframework.test.context.cache.DefaultCacheAwareContextLoaderDelegate - Retrieved ApplicationContext from cache with key [[MergedContextConfiguration@ee6db01 testClass = PostingServiceTest, locations = '{}', classes = '{class com.avaloq.ledger.posting.service.PostingConfiguration}', contextInitializerClasses = '[]', activeProfiles = '{}', propertySourceLocations = '{}', propertySourceProperties = '{}', contextCustomizers = set[org.springframework.boot.test.autoconfigure.properties.PropertyMappingContextCustomizer@0, org.springframework.boot.test.autoconfigure.web.servlet.WebDriverContextCustomizerFactory$Customizer@563683d8, org.springframework.boot.test.context.filter.ExcludeFilterContextCustomizer@4ba6c439, org.springframework.boot.test.json.DuplicateJsonObjectContextCustomizerFactory$DuplicateJsonObjectContextCustomizer@73a8d342, org.springframework.boot.test.mock.mockito.MockitoContextCustomizer@0], contextLoader = 'org.springframework.test.context.support.DelegatingSmartContextLoader', parent = [null]]]
05:42:02.778 [Test worker] DEBUG org.springframework.test.context.cache - Spring test ApplicationContext cache statistics: [DefaultContextCache@320297c7 size = 1, maxSize = 32, parentContextCount = 0, hitCount = 4, missCount = 1]
05:42:02.778 [Test worker] DEBUG org.springframework.test.context.support.AbstractDirtiesContextTestExecutionListener - After test method: context [DefaultTestContext@3195dc5d testClass = PostingServiceTest, testInstance = com.avaloq.ledger.posting.service.PostingServiceTest@49d68f8a, testMethod = accountPayable@PostingServiceTest, testException = [null], mergedContextConfiguration = [MergedContextConfiguration@ee6db01 testClass = PostingServiceTest, locations = '{}', classes = '{class com.avaloq.ledger.posting.service.PostingConfiguration}', contextInitializerClasses = '[]', activeProfiles = '{}', propertySourceLocations = '{}', propertySourceProperties = '{}', contextCustomizers = set[org.springframework.boot.test.autoconfigure.properties.PropertyMappingContextCustomizer@0, org.springframework.boot.test.autoconfigure.web.servlet.WebDriverContextCustomizerFactory$Customizer@563683d8, org.springframework.boot.test.context.filter.ExcludeFilterContextCustomizer@4ba6c439, org.springframework.boot.test.json.DuplicateJsonObjectContextCustomizerFactory$DuplicateJsonObjectContextCustomizer@73a8d342, org.springframework.boot.test.mock.mockito.MockitoContextCustomizer@0], contextLoader = 'org.springframework.test.context.support.DelegatingSmartContextLoader', parent = [null]]], class annotated with @DirtiesContext [false] with mode [null], method annotated with @DirtiesContext [false] with mode [null].
05:42:02.778 [Test worker] DEBUG org.springframework.test.context.support.AbstractDirtiesContextTestExecutionListener - After test class: context [DefaultTestContext@3195dc5d testClass = PostingServiceTest, testInstance = [null], testMethod = [null], testException = [null], mergedContextConfiguration = [MergedContextConfiguration@ee6db01 testClass = PostingServiceTest, locations = '{}', classes = '{class com.avaloq.ledger.posting.service.PostingConfiguration}', contextInitializerClasses = '[]', activeProfiles = '{}', propertySourceLocations = '{}', propertySourceProperties = '{}', contextCustomizers = set[org.springframework.boot.test.autoconfigure.properties.PropertyMappingContextCustomizer@0, org.springframework.boot.test.autoconfigure.web.servlet.WebDriverContextCustomizerFactory$Customizer@563683d8, org.springframework.boot.test.context.filter.ExcludeFilterContextCustomizer@4ba6c439, org.springframework.boot.test.json.DuplicateJsonObjectContextCustomizerFactory$DuplicateJsonObjectContextCustomizer@73a8d342, org.springframework.boot.test.mock.mockito.MockitoContextCustomizer@0], contextLoader = 'org.springframework.test.context.support.DelegatingSmartContextLoader', parent = [null]]], class annotated with @DirtiesContext [false] with mode [null].
]]></system-out>
  <system-err><![CDATA[]]></system-err>
</testsuite>
